c:\users\rebec\c++ kod\tng033-labs\lab1\lab1\build\cmakefiles\generate.stamp
c:\users\rebec\c++ kod\tng033-labs\lab1\lab1\build\debug\exercise1.exe
c:\users\rebec\c++ kod\tng033-labs\lab1\lab1\build\debug\exercise1.pdb
c:\users\rebec\c++ kod\tng033-labs\lab1\lab1\build\exercise1.dir\debug\.d.json
c:\users\rebec\c++ kod\tng033-labs\lab1\lab1\build\exercise1.dir\debug\set.obj
c:\users\rebec\c++ kod\tng033-labs\lab1\lab1\build\exercise1.dir\debug\test.obj
c:\users\rebec\c++ kod\tng033-labs\lab1\lab1\build\exercise1.dir\debug\test.cpp.module.json
c:\users\rebec\c++ kod\tng033-labs\lab1\lab1\build\exercise1.dir\debug\set.cpp.module.json
c:\users\rebec\c++ kod\tng033-labs\lab1\lab1\build\exercise1.dir\debug\vc143.pdb
c:\users\rebec\c++ kod\tng033-labs\lab1\lab1\build\exercise1.dir\debug\exercise1.tlog\cl.command.1.tlog
c:\users\rebec\c++ kod\tng033-labs\lab1\lab1\build\exercise1.dir\debug\exercise1.tlog\cl.items.tlog
c:\users\rebec\c++ kod\tng033-labs\lab1\lab1\build\exercise1.dir\debug\exercise1.tlog\custombuild.command.1.tlog
c:\users\rebec\c++ kod\tng033-labs\lab1\lab1\build\exercise1.dir\debug\exercise1.tlog\custombuild.read.1.tlog
c:\users\rebec\c++ kod\tng033-labs\lab1\lab1\build\exercise1.dir\debug\exercise1.tlog\custombuild.write.1.tlog
c:\users\rebec\c++ kod\tng033-labs\lab1\lab1\build\exercise1.dir\debug\exercise1.tlog\link.command.1.tlog
c:\users\rebec\c++ kod\tng033-labs\lab1\lab1\build\exercise1.dir\debug\exercise1.tlog\link.read.1.tlog
c:\users\rebec\c++ kod\tng033-labs\lab1\lab1\build\exercise1.dir\debug\exercise1.tlog\link.secondary.1.tlog
c:\users\rebec\c++ kod\tng033-labs\lab1\lab1\build\exercise1.dir\debug\exercise1.tlog\link.write.1.tlog
c:\users\rebec\c++ kod\tng033-labs\lab1\lab1\build\exercise1.dir\debug\exercise1.tlog\microsoft.build.cpptasks.cl.read.1.tlog
c:\users\rebec\c++ kod\tng033-labs\lab1\lab1\build\exercise1.dir\debug\exercise1.tlog\microsoft.build.cpptasks.cl.write.1.tlog
c:\users\rebec\c++ kod\tng033-labs\lab1\lab1\build\exercise1.dir\debug\exercise1_md.tlog\cl.command.1.tlog
c:\users\rebec\c++ kod\tng033-labs\lab1\lab1\build\exercise1.dir\debug\exercise1_md.tlog\microsoft.build.cpptasks.cl.read.1.tlog
c:\users\rebec\c++ kod\tng033-labs\lab1\lab1\build\exercise1.dir\debug\exercise1_md.tlog\microsoft.build.cpptasks.cl.write.1.tlog
